
*** Running vivado
    with args -log design_1_pkt_display_wrapper_0_4.vds -m64 -product Vivado -mode batch -messageDb vivado.pb -notrace -source design_1_pkt_display_wrapper_0_4.tcl



****** Vivado v2023.2 (64-bit)
  **** SW Build 4029153 on Fri Oct 13 20:14:34 MDT 2023
  **** IP Build 4028589 on Sat Oct 14 00:45:43 MDT 2023
  **** SharedData Build 4025554 on Tue Oct 10 17:18:54 MDT 2023
    ** Copyright 1986-2022 Xilinx, Inc. All Rights Reserved.
    ** Copyright 2022-2023 Advanced Micro Devices, Inc. All Rights Reserved.

source design_1_pkt_display_wrapper_0_4.tcl -notrace
create_project: Time (s): cpu = 00:00:05 ; elapsed = 00:00:11 . Memory (MB): peak = 592.066 ; gain = 216.859
INFO: [IP_Flow 19-234] Refreshing IP repositories
INFO: [IP_Flow 19-1704] No user IP repositories specified
INFO: [IP_Flow 19-2313] Loaded Vivado IP repository 'D:/Xilinx/Vivado/2023.2/data/ip'.
Command: synth_design -top design_1_pkt_display_wrapper_0_4 -part xc7a100tcsg324-1 -incremental_mode off -mode out_of_context
Starting synth_design
Attempting to get a license for feature 'Synthesis' and/or device 'xc7a100t'
INFO: [Common 17-349] Got license for feature 'Synthesis' and/or device 'xc7a100t'
INFO: [Device 21-403] Loading part xc7a100tcsg324-1
INFO: [Synth 8-7079] Multithreading enabled for synth_design using a maximum of 2 processes.
INFO: [Synth 8-7078] Launching helper process for spawning children vivado processes
INFO: [Synth 8-7075] Helper process launched with PID 34336
---------------------------------------------------------------------------------
Starting RTL Elaboration : Time (s): cpu = 00:00:04 ; elapsed = 00:00:08 . Memory (MB): peak = 1449.379 ; gain = 440.340
---------------------------------------------------------------------------------
INFO: [Synth 8-6157] synthesizing module 'design_1_pkt_display_wrapper_0_4' [d:/CMPE_Capstone/CODE/hdl/pkt_display/pkt_display.gen/sources_1/bd/design_1/ip/design_1_pkt_display_wrapper_0_4/synth/design_1_pkt_display_wrapper_0_4.v:53]
INFO: [Synth 8-6157] synthesizing module 'pkt_display_wrapper' [D:/CMPE_Capstone/CODE/hdl/pkt_display/pkt_display.srcs/sources_1/new/pkt_display_wrapper.v:23]
INFO: [Synth 8-6157] synthesizing module 'pkt_display' [D:/CMPE_Capstone/CODE/hdl/pkt_display/pkt_display.srcs/sources_1/new/pkt_display.sv:23]
INFO: [Synth 8-6157] synthesizing module 'fifo_generator_0' [D:/CMPE_Capstone/CODE/hdl/pkt_display/pkt_display.runs/design_1_pkt_display_wrapper_0_4_synth_1/.Xil/Vivado-42592-DESKTOP-M1PCUD5/realtime/fifo_generator_0_stub.v:6]
INFO: [Synth 8-6155] done synthesizing module 'fifo_generator_0' (0#1) [D:/CMPE_Capstone/CODE/hdl/pkt_display/pkt_display.runs/design_1_pkt_display_wrapper_0_4_synth_1/.Xil/Vivado-42592-DESKTOP-M1PCUD5/realtime/fifo_generator_0_stub.v:6]
INFO: [Synth 8-6157] synthesizing module 'led_driver' [D:/CMPE_Capstone/CODE/hdl/pkt_display/pkt_display.srcs/sources_1/new/led.v:1]
INFO: [Synth 8-226] default block is never used [D:/CMPE_Capstone/CODE/hdl/pkt_display/pkt_display.srcs/sources_1/new/led.v:23]
INFO: [Synth 8-226] default block is never used [D:/CMPE_Capstone/CODE/hdl/pkt_display/pkt_display.srcs/sources_1/new/led.v:209]
INFO: [Synth 8-6155] done synthesizing module 'led_driver' (0#1) [D:/CMPE_Capstone/CODE/hdl/pkt_display/pkt_display.srcs/sources_1/new/led.v:1]
INFO: [Synth 8-6155] done synthesizing module 'pkt_display' (0#1) [D:/CMPE_Capstone/CODE/hdl/pkt_display/pkt_display.srcs/sources_1/new/pkt_display.sv:23]
WARNING: [Synth 8-7071] port 'full' of module 'pkt_display' is unconnected for instance 'display' [D:/CMPE_Capstone/CODE/hdl/pkt_display/pkt_display.srcs/sources_1/new/pkt_display_wrapper.v:87]
WARNING: [Synth 8-7023] instance 'display' of module 'pkt_display' has 17 connections declared, but only 16 given [D:/CMPE_Capstone/CODE/hdl/pkt_display/pkt_display.srcs/sources_1/new/pkt_display_wrapper.v:87]
INFO: [Synth 8-6157] synthesizing module 'spi_des' [D:/CMPE_Capstone/CODE/hdl/src/spi_des.sv:23]
INFO: [Synth 8-6155] done synthesizing module 'spi_des' (0#1) [D:/CMPE_Capstone/CODE/hdl/src/spi_des.sv:23]
INFO: [Synth 8-6155] done synthesizing module 'pkt_display_wrapper' (0#1) [D:/CMPE_Capstone/CODE/hdl/pkt_display/pkt_display.srcs/sources_1/new/pkt_display_wrapper.v:23]
INFO: [Synth 8-6155] done synthesizing module 'design_1_pkt_display_wrapper_0_4' (0#1) [d:/CMPE_Capstone/CODE/hdl/pkt_display/pkt_display.gen/sources_1/bd/design_1/ip/design_1_pkt_display_wrapper_0_4/synth/design_1_pkt_display_wrapper_0_4.v:53]
WARNING: [Synth 8-6014] Unused sequential element BTNC_Q_reg was removed.  [D:/CMPE_Capstone/CODE/hdl/pkt_display/pkt_display.srcs/sources_1/new/pkt_display_wrapper.v:72]
WARNING: [Synth 8-6014] Unused sequential element BTNU_Q_reg was removed.  [D:/CMPE_Capstone/CODE/hdl/pkt_display/pkt_display.srcs/sources_1/new/pkt_display_wrapper.v:74]
WARNING: [Synth 8-6014] Unused sequential element counter_reg was removed.  [D:/CMPE_Capstone/CODE/hdl/pkt_display/pkt_display.srcs/sources_1/new/pkt_display_wrapper.v:76]
WARNING: [Synth 8-7129] Port BTNU in module pkt_display_wrapper is either unconnected or has no load
---------------------------------------------------------------------------------
Finished RTL Elaboration : Time (s): cpu = 00:00:05 ; elapsed = 00:00:11 . Memory (MB): peak = 1560.168 ; gain = 551.129
---------------------------------------------------------------------------------
---------------------------------------------------------------------------------
Start Handling Custom Attributes
---------------------------------------------------------------------------------
---------------------------------------------------------------------------------
Finished Handling Custom Attributes : Time (s): cpu = 00:00:05 ; elapsed = 00:00:11 . Memory (MB): peak = 1560.168 ; gain = 551.129
---------------------------------------------------------------------------------
---------------------------------------------------------------------------------
Finished RTL Optimization Phase 1 : Time (s): cpu = 00:00:05 ; elapsed = 00:00:11 . Memory (MB): peak = 1560.168 ; gain = 551.129
---------------------------------------------------------------------------------
Netlist sorting complete. Time (s): cpu = 00:00:00 ; elapsed = 00:00:00.003 . Memory (MB): peak = 1560.168 ; gain = 0.000
INFO: [Project 1-570] Preparing netlist for logic optimization

Processing XDC Constraints
Initializing timing engine
Parsing XDC File [d:/CMPE_Capstone/CODE/hdl/pkt_display/pkt_display.gen/sources_1/ip/fifo_generator_0/fifo_generator_0/fifo_generator_0_in_context.xdc] for cell 'inst/display/data_fifo'
Finished Parsing XDC File [d:/CMPE_Capstone/CODE/hdl/pkt_display/pkt_display.gen/sources_1/ip/fifo_generator_0/fifo_generator_0/fifo_generator_0_in_context.xdc] for cell 'inst/display/data_fifo'
Parsing XDC File [d:/CMPE_Capstone/CODE/hdl/pkt_display/pkt_display.gen/sources_1/bd/design_1/ip/design_1_pkt_display_wrapper_0_4/design_1_pkt_display_wrapper_0_4_ooc.xdc] for cell 'inst'
Finished Parsing XDC File [d:/CMPE_Capstone/CODE/hdl/pkt_display/pkt_display.gen/sources_1/bd/design_1/ip/design_1_pkt_display_wrapper_0_4/design_1_pkt_display_wrapper_0_4_ooc.xdc] for cell 'inst'
Parsing XDC File [D:/CMPE_Capstone/CODE/hdl/pkt_display/pkt_display.runs/design_1_pkt_display_wrapper_0_4_synth_1/dont_touch.xdc]
Finished Parsing XDC File [D:/CMPE_Capstone/CODE/hdl/pkt_display/pkt_display.runs/design_1_pkt_display_wrapper_0_4_synth_1/dont_touch.xdc]
Completed Processing XDC Constraints

Netlist sorting complete. Time (s): cpu = 00:00:00 ; elapsed = 00:00:00 . Memory (MB): peak = 1634.266 ; gain = 0.000
INFO: [Project 1-111] Unisim Transformation Summary:
No Unisim elements were transformed.

The system cannot find the path specified.
Constraint Validation Runtime : Time (s): cpu = 00:00:00 ; elapsed = 00:00:00.023 . Memory (MB): peak = 1635.055 ; gain = 0.789
INFO: [Designutils 20-5008] Incremental synthesis strategy off
---------------------------------------------------------------------------------
Finished Constraint Validation : Time (s): cpu = 00:00:10 ; elapsed = 00:00:21 . Memory (MB): peak = 1635.055 ; gain = 626.016
---------------------------------------------------------------------------------
---------------------------------------------------------------------------------
Start Loading Part and Timing Information
---------------------------------------------------------------------------------
Loading part: xc7a100tcsg324-1
---------------------------------------------------------------------------------
Finished Loading Part and Timing Information : Time (s): cpu = 00:00:10 ; elapsed = 00:00:21 . Memory (MB): peak = 1635.055 ; gain = 626.016
---------------------------------------------------------------------------------
---------------------------------------------------------------------------------
Start Applying 'set_property' XDC Constraints
---------------------------------------------------------------------------------
Applied set_property KEEP_HIERARCHY = SOFT for inst. (constraint file  D:/CMPE_Capstone/CODE/hdl/pkt_display/pkt_display.runs/design_1_pkt_display_wrapper_0_4_synth_1/dont_touch.xdc, line 12).
Applied set_property KEEP_HIERARCHY = SOFT for inst/display/data_fifo. (constraint file  auto generated constraint).
---------------------------------------------------------------------------------
Finished applying 'set_property' XDC Constraints : Time (s): cpu = 00:00:10 ; elapsed = 00:00:21 . Memory (MB): peak = 1635.055 ; gain = 626.016
---------------------------------------------------------------------------------
---------------------------------------------------------------------------------
Finished RTL Optimization Phase 2 : Time (s): cpu = 00:00:10 ; elapsed = 00:00:22 . Memory (MB): peak = 1635.055 ; gain = 626.016
---------------------------------------------------------------------------------
---------------------------------------------------------------------------------
Start RTL Component Statistics 
---------------------------------------------------------------------------------
Detailed RTL Component Info : 
+---Registers : 
	               32 Bit    Registers := 2     
	                1 Bit    Registers := 3     
+---Muxes : 
	   2 Input   32 Bit        Muxes := 1     
	   8 Input    8 Bit        Muxes := 1     
	  16 Input    1 Bit        Muxes := 7     
	   2 Input    1 Bit        Muxes := 1     
---------------------------------------------------------------------------------
Finished RTL Component Statistics 
---------------------------------------------------------------------------------
---------------------------------------------------------------------------------
Start Part Resource Summary
---------------------------------------------------------------------------------
Part Resources:
DSPs: 240 (col length:80)
BRAMs: 270 (col length: RAMB18 80 RAMB36 40)
---------------------------------------------------------------------------------
Finished Part Resource Summary
---------------------------------------------------------------------------------
---------------------------------------------------------------------------------
Start Cross Boundary and Area Optimization
---------------------------------------------------------------------------------
WARNING: [Synth 8-7080] Parallel synthesis criteria is not met
WARNING: [Synth 8-7129] Port BTNU in module pkt_display_wrapper is either unconnected or has no load
---------------------------------------------------------------------------------
Finished Cross Boundary and Area Optimization : Time (s): cpu = 00:00:11 ; elapsed = 00:00:24 . Memory (MB): peak = 1635.055 ; gain = 626.016
---------------------------------------------------------------------------------
---------------------------------------------------------------------------------
Start Applying XDC Timing Constraints
---------------------------------------------------------------------------------
---------------------------------------------------------------------------------
Finished Applying XDC Timing Constraints : Time (s): cpu = 00:00:14 ; elapsed = 00:00:31 . Memory (MB): peak = 1635.055 ; gain = 626.016
---------------------------------------------------------------------------------
---------------------------------------------------------------------------------
Start Timing Optimization
---------------------------------------------------------------------------------
---------------------------------------------------------------------------------
Finished Timing Optimization : Time (s): cpu = 00:00:14 ; elapsed = 00:00:31 . Memory (MB): peak = 1635.055 ; gain = 626.016
---------------------------------------------------------------------------------
---------------------------------------------------------------------------------
Start Technology Mapping
---------------------------------------------------------------------------------
---------------------------------------------------------------------------------
Finished Technology Mapping : Time (s): cpu = 00:00:14 ; elapsed = 00:00:31 . Memory (MB): peak = 1635.055 ; gain = 626.016
---------------------------------------------------------------------------------
---------------------------------------------------------------------------------
Start IO Insertion
---------------------------------------------------------------------------------
---------------------------------------------------------------------------------
Start Flattening Before IO Insertion
---------------------------------------------------------------------------------
---------------------------------------------------------------------------------
Finished Flattening Before IO Insertion
---------------------------------------------------------------------------------
---------------------------------------------------------------------------------
Start Final Netlist Cleanup
---------------------------------------------------------------------------------
---------------------------------------------------------------------------------
Finished Final Netlist Cleanup
---------------------------------------------------------------------------------
---------------------------------------------------------------------------------
Finished IO Insertion : Time (s): cpu = 00:00:17 ; elapsed = 00:00:38 . Memory (MB): peak = 1635.055 ; gain = 626.016
---------------------------------------------------------------------------------
---------------------------------------------------------------------------------
Start Renaming Generated Instances
---------------------------------------------------------------------------------
---------------------------------------------------------------------------------
Finished Renaming Generated Instances : Time (s): cpu = 00:00:17 ; elapsed = 00:00:38 . Memory (MB): peak = 1635.055 ; gain = 626.016
---------------------------------------------------------------------------------
---------------------------------------------------------------------------------
Start Rebuilding User Hierarchy
---------------------------------------------------------------------------------
---------------------------------------------------------------------------------
Finished Rebuilding User Hierarchy : Time (s): cpu = 00:00:17 ; elapsed = 00:00:38 . Memory (MB): peak = 1635.055 ; gain = 626.016
---------------------------------------------------------------------------------
---------------------------------------------------------------------------------
Start Renaming Generated Ports
---------------------------------------------------------------------------------
---------------------------------------------------------------------------------
Finished Renaming Generated Ports : Time (s): cpu = 00:00:17 ; elapsed = 00:00:38 . Memory (MB): peak = 1635.055 ; gain = 626.016
---------------------------------------------------------------------------------
---------------------------------------------------------------------------------
Start Handling Custom Attributes
---------------------------------------------------------------------------------
---------------------------------------------------------------------------------
Finished Handling Custom Attributes : Time (s): cpu = 00:00:17 ; elapsed = 00:00:38 . Memory (MB): peak = 1635.055 ; gain = 626.016
---------------------------------------------------------------------------------
---------------------------------------------------------------------------------
Start Renaming Generated Nets
---------------------------------------------------------------------------------
---------------------------------------------------------------------------------
Finished Renaming Generated Nets : Time (s): cpu = 00:00:17 ; elapsed = 00:00:38 . Memory (MB): peak = 1635.055 ; gain = 626.016
---------------------------------------------------------------------------------
---------------------------------------------------------------------------------
Start Writing Synthesis Report
---------------------------------------------------------------------------------

Report BlackBoxes: 
+------+-----------------+----------+
|      |BlackBox name    |Instances |
+------+-----------------+----------+
|1     |fifo_generator_0 |         1|
+------+-----------------+----------+

Report Cell Usage: 
+------+---------------+------+
|      |Cell           |Count |
+------+---------------+------+
|1     |fifo_generator |     1|
|2     |CARRY4         |     5|
|3     |LUT1           |     1|
|4     |LUT2           |    35|
|5     |LUT3           |     9|
|6     |LUT4           |     7|
|7     |LUT6           |     8|
|8     |MUXF7          |     4|
|9     |FDCE           |    87|
+------+---------------+------+
---------------------------------------------------------------------------------
Finished Writing Synthesis Report : Time (s): cpu = 00:00:17 ; elapsed = 00:00:38 . Memory (MB): peak = 1635.055 ; gain = 626.016
---------------------------------------------------------------------------------
Synthesis finished with 0 errors, 0 critical warnings and 2 warnings.
Synthesis Optimization Runtime : Time (s): cpu = 00:00:10 ; elapsed = 00:00:35 . Memory (MB): peak = 1635.055 ; gain = 551.129
Synthesis Optimization Complete : Time (s): cpu = 00:00:17 ; elapsed = 00:00:38 . Memory (MB): peak = 1635.055 ; gain = 626.016
INFO: [Project 1-571] Translating synthesized netlist
Netlist sorting complete. Time (s): cpu = 00:00:00 ; elapsed = 00:00:00.002 . Memory (MB): peak = 1635.055 ; gain = 0.000
INFO: [Netlist 29-17] Analyzing 9 Unisim elements for replacement
INFO: [Netlist 29-28] Unisim Transformation completed in 0 CPU seconds
INFO: [Project 1-570] Preparing netlist for logic optimization
INFO: [Opt 31-138] Pushed 0 inverter(s) to 0 load pin(s).
Netlist sorting complete. Time (s): cpu = 00:00:00 ; elapsed = 00:00:00 . Memory (MB): peak = 1635.055 ; gain = 0.000
INFO: [Project 1-111] Unisim Transformation Summary:
No Unisim elements were transformed.

The system cannot find the path specified.
Synth Design complete | Checksum: a2f4466d
INFO: [Common 17-83] Releasing license: Synthesis
32 Infos, 8 Warnings, 0 Critical Warnings and 0 Errors encountered.
synth_design completed successfully
synth_design: Time (s): cpu = 00:00:20 ; elapsed = 00:00:44 . Memory (MB): peak = 1635.055 ; gain = 1029.664
INFO: [Coretcl 2-1174] Renamed 5 cell refs.
Write ShapeDB Complete: Time (s): cpu = 00:00:00 ; elapsed = 00:00:00.001 . Memory (MB): peak = 1635.055 ; gain = 0.000
INFO: [Common 17-1381] The checkpoint 'D:/CMPE_Capstone/CODE/hdl/pkt_display/pkt_display.runs/design_1_pkt_display_wrapper_0_4_synth_1/design_1_pkt_display_wrapper_0_4.dcp' has been generated.
INFO: [runtcl-4] Executing : report_utilization -file design_1_pkt_display_wrapper_0_4_utilization_synth.rpt -pb design_1_pkt_display_wrapper_0_4_utilization_synth.pb
INFO: [Common 17-206] Exiting Vivado at Mon Dec 18 13:27:49 2023...
